15-Sep-2023 14:55:32.141 INFO [main] org.apache.catalina.startup.VersionLoggerListener.log Server version name:   Apache Tomcat/10.1.13
15-Sep-2023 14:55:32.144 INFO [main] org.apache.catalina.startup.VersionLoggerListener.log Server built:          Aug 23 2023 21:34:59 UTC
15-Sep-2023 14:55:32.144 INFO [main] org.apache.catalina.startup.VersionLoggerListener.log Server version number: 10.1.13.0
15-Sep-2023 14:55:32.144 INFO [main] org.apache.catalina.startup.VersionLoggerListener.log OS Name:               Windows 11
15-Sep-2023 14:55:32.144 INFO [main] org.apache.catalina.startup.VersionLoggerListener.log OS Version:            10.0
15-Sep-2023 14:55:32.144 INFO [main] org.apache.catalina.startup.VersionLoggerListener.log Architecture:          amd64
15-Sep-2023 14:55:32.145 INFO [main] org.apache.catalina.startup.VersionLoggerListener.log Java Home:             C:\Program Files\Java\jdk-17
15-Sep-2023 14:55:32.145 INFO [main] org.apache.catalina.startup.VersionLoggerListener.log JVM Version:           17.0.7+8-LTS-224
15-Sep-2023 14:55:32.145 INFO [main] org.apache.catalina.startup.VersionLoggerListener.log JVM Vendor:            Oracle Corporation
15-Sep-2023 14:55:32.145 INFO [main] org.apache.catalina.startup.VersionLoggerListener.log CATALINA_BASE:         C:\Users\User\Desktop\Projects\HomeWork\homework13\apache-tomcat-10.1.13
15-Sep-2023 14:55:32.145 INFO [main] org.apache.catalina.startup.VersionLoggerListener.log CATALINA_HOME:         C:\Users\User\Desktop\Projects\HomeWork\homework13\apache-tomcat-10.1.13
15-Sep-2023 14:55:32.150 INFO [main] org.apache.catalina.startup.VersionLoggerListener.log Command line argument: -Djava.util.logging.config.file=C:/users/user/desktop/projects/homework/homework13/apache-tomcat-10.1.13/conf/logging.properties
15-Sep-2023 14:55:32.150 INFO [main] org.apache.catalina.startup.VersionLoggerListener.log Command line argument: -Djava.util.logging.manager=org.apache.juli.ClassLoaderLogManager
15-Sep-2023 14:55:32.150 INFO [main] org.apache.catalina.startup.VersionLoggerListener.log Command line argument: -Djdk.tls.ephemeralDHKeySize=2048
15-Sep-2023 14:55:32.150 INFO [main] org.apache.catalina.startup.VersionLoggerListener.log Command line argument: -Djava.protocol.handler.pkgs=org.apache.catalina.webresources
15-Sep-2023 14:55:32.150 INFO [main] org.apache.catalina.startup.VersionLoggerListener.log Command line argument: -Dorg.apache.catalina.security.SecurityListener.UMASK=0027
15-Sep-2023 14:55:32.150 INFO [main] org.apache.catalina.startup.VersionLoggerListener.log Command line argument: --add-opens=java.base/java.lang=ALL-UNNAMED
15-Sep-2023 14:55:32.150 INFO [main] org.apache.catalina.startup.VersionLoggerListener.log Command line argument: --add-opens=java.base/java.io=ALL-UNNAMED
15-Sep-2023 14:55:32.150 INFO [main] org.apache.catalina.startup.VersionLoggerListener.log Command line argument: --add-opens=java.base/java.util=ALL-UNNAMED
15-Sep-2023 14:55:32.150 INFO [main] org.apache.catalina.startup.VersionLoggerListener.log Command line argument: --add-opens=java.base/java.util.concurrent=ALL-UNNAMED
15-Sep-2023 14:55:32.151 INFO [main] org.apache.catalina.startup.VersionLoggerListener.log Command line argument: --add-opens=java.rmi/sun.rmi.transport=ALL-UNNAMED
15-Sep-2023 14:55:32.151 INFO [main] org.apache.catalina.startup.VersionLoggerListener.log Command line argument: -Dcatalina.base=C:/users/user/desktop/projects/homework/homework13/apache-tomcat-10.1.13
15-Sep-2023 14:55:32.151 INFO [main] org.apache.catalina.startup.VersionLoggerListener.log Command line argument: -Dcatalina.home=C:/users/user/desktop/projects/homework/homework13/apache-tomcat-10.1.13
15-Sep-2023 14:55:32.151 INFO [main] org.apache.catalina.startup.VersionLoggerListener.log Command line argument: -Djava.io.tmpdir=C:/users/user/desktop/projects/homework/homework13/apache-tomcat-10.1.13/temp
15-Sep-2023 14:55:32.155 INFO [main] org.apache.catalina.core.AprLifecycleListener.lifecycleEvent The Apache Tomcat Native library which allows using OpenSSL was not found on the java.library.path: [C:\Program Files\Java\jdk-17\bin;C:\Windows\Sun\Java\bin;C:\Windows\system32;C:\Windows;C:\Users\User\bin;C:\Program Files\Git\mingw64\bin;C:\Program Files\Git\usr\local\bin;C:\Program Files\Git\usr\bin;C:\Program Files\Git\usr\bin;C:\Program Files\Git\mingw64\bin;C:\Program Files\Git\usr\bin;C:\Users\User\bin;C:\Program Files\Java\jdk-17\bin;C:\ProgramData\Oracle\Java\javapath;C:\Program Files\Java\jdk-17\bin;C:\Program Files\Java\Maven\apache-maven-3.9.2\bin;C:\Windows\system32;C:\Windows\System32\Wbem;C:\Windows\System32\WindowsPowerShell\v1.0;C:\Windows\System32\OpenSSH;C:\Program Files (x86)\NVIDIA Corporation\PhysX\Common;C:\Program Files\NVIDIA Corporation\NVIDIA NvDLISR;C:\Program Files\Git\cmd;C:\Program Files\MySQL\MySQL Server 8.0\bin;C:\Program Files\MySQL\MySQL Shell 8.0\bin;C:\Users\User\AppData\Local\Microsoft\WindowsApps;D:\Programming\Microsoft VS Code\bin;C:\Users\User\AppData\Roaming\npm;C:\Program Files\Java\jdk-17\bin;C:\Program Files\Git\usr\bin\vendor_perl;C:\Program Files\Git\usr\bin\core_perl;.]
15-Sep-2023 14:55:32.295 INFO [main] org.apache.coyote.AbstractProtocol.init Initializing ProtocolHandler ["http-nio-8080"]
15-Sep-2023 14:55:32.309 INFO [main] org.apache.catalina.startup.Catalina.load Server initialization in [273] milliseconds
15-Sep-2023 14:55:32.338 INFO [main] org.apache.catalina.core.StandardService.startInternal Starting service [Catalina]
15-Sep-2023 14:55:32.338 INFO [main] org.apache.catalina.core.StandardEngine.startInternal Starting Servlet engine: [Apache Tomcat/10.1.13]
15-Sep-2023 14:55:32.355 INFO [main] org.apache.catalina.startup.HostConfig.deployWAR Deploying web application archive [C:\Users\User\Desktop\Projects\HomeWork\homework13\apache-tomcat-10.1.13\webapps\servlet_hw13.war]
15-Sep-2023 14:55:33.461 INFO [main] org.apache.jasper.servlet.TldScanner.scanJars At least one JAR was scanned for TLDs yet contained no TLDs. Enable debug logging for this logger for a complete list of JARs that were scanned but no TLDs were found in them. Skipping unneeded JARs during scanning can improve startup time and JSP compilation time.
15-Sep-2023 14:55:33.505 INFO [main] org.apache.catalina.startup.HostConfig.deployWAR Deployment of web application archive [C:\Users\User\Desktop\Projects\HomeWork\homework13\apache-tomcat-10.1.13\webapps\servlet_hw13.war] has finished in [1,150] ms
15-Sep-2023 14:55:33.509 INFO [main] org.apache.coyote.AbstractProtocol.start Starting ProtocolHandler ["http-nio-8080"]
15-Sep-2023 14:55:33.533 INFO [main] org.apache.catalina.startup.Catalina.start Server startup in [1223] milliseconds
15-Sep-2023 14:55:44.112 INFO [http-nio-8080-exec-1] org.hibernate.Version.logVersion HHH000412: Hibernate ORM core version 5.6.15.Final
15-Sep-2023 14:55:44.739 INFO [http-nio-8080-exec-1] org.hibernate.annotations.common.reflection.java.JavaReflectionManager.<clinit> HCANN000001: Hibernate Commons Annotations {5.1.2.Final}
15-Sep-2023 14:55:44.914 WARN [http-nio-8080-exec-1] org.hibernate.engine.jdbc.connections.internal.DriverManagerConnectionProviderImpl.configure HHH10001002: Using Hibernate built-in connection pool (not for production use!)
15-Sep-2023 14:55:44.919 INFO [http-nio-8080-exec-1] org.hibernate.engine.jdbc.connections.internal.DriverManagerConnectionProviderImpl.buildCreator HHH10001005: using driver [com.mysql.cj.jdbc.Driver] at URL [jdbc:mysql://localhost:3355/homework13_servlets]
15-Sep-2023 14:55:44.919 INFO [http-nio-8080-exec-1] org.hibernate.engine.jdbc.connections.internal.DriverManagerConnectionProviderImpl.buildCreator HHH10001001: Connection properties: {password=****, user=root}
15-Sep-2023 14:55:44.919 INFO [http-nio-8080-exec-1] org.hibernate.engine.jdbc.connections.internal.DriverManagerConnectionProviderImpl.buildCreator HHH10001003: Autocommit mode: false
15-Sep-2023 14:55:44.928 INFO [http-nio-8080-exec-1] org.hibernate.engine.jdbc.connections.internal.DriverManagerConnectionProviderImpl$PooledConnections.<init> HHH000115: Hibernate connection pool size: 20 (min=1)
15-Sep-2023 14:55:45.241 INFO [http-nio-8080-exec-1] org.hibernate.dialect.Dialect.<init> HHH000400: Using dialect: org.hibernate.dialect.MySQL8Dialect
15-Sep-2023 14:55:46.208 INFO [http-nio-8080-exec-1] org.hibernate.resource.transaction.backend.jdbc.internal.DdlTransactionIsolatorNonJtaImpl.getIsolatedConnection HHH10001501: Connection obtained from JdbcConnectionAccess [org.hibernate.engine.jdbc.env.internal.JdbcEnvironmentInitiator$ConnectionProviderJdbcConnectionAccess@6283d081] for (non-JTA) DDL execution was not in auto-commit mode; the Connection 'local transaction' will be committed and the Connection will be set into auto-commit mode.
Hibernate: select sculptor0_.id as id1_0_, sculptor0_.age as age2_0_, sculptor0_.firstName as firstnam3_0_, sculptor0_.lastName as lastname4_0_ from sculptor sculptor0_
15-Sep-2023 14:57:14.182 INFO [main] org.apache.catalina.core.StandardServer.await A valid shutdown command was received via the shutdown port. Stopping the Server instance.
15-Sep-2023 14:57:14.184 INFO [main] org.apache.coyote.AbstractProtocol.pause Pausing ProtocolHandler ["http-nio-8080"]
15-Sep-2023 14:57:14.187 INFO [main] org.apache.catalina.core.StandardService.stopInternal Stopping service [Catalina]
15-Sep-2023 14:57:14.191 WARNING [main] org.apache.catalina.loader.WebappClassLoaderBase.clearReferencesJdbc The web application [servlet_hw13] registered the JDBC driver [com.mysql.cj.jdbc.Driver] but failed to unregister it when the web application was stopped. To prevent a memory leak, the JDBC Driver has been forcibly unregistered.
15-Sep-2023 14:57:14.191 WARNING [main] org.apache.catalina.loader.WebappClassLoaderBase.clearReferencesThreads The web application [servlet_hw13] appears to have started a thread named [mysql-cj-abandoned-connection-cleanup] but has failed to stop it. This is very likely to create a memory leak. Stack trace of thread:
 java.base@17.0.7/java.lang.Object.wait(Native Method)
 java.base@17.0.7/java.lang.ref.ReferenceQueue.remove(ReferenceQueue.java:155)
 com.mysql.cj.jdbc.AbandonedConnectionCleanupThread.run(AbandonedConnectionCleanupThread.java:91)
 java.base@17.0.7/java.util.concurrent.ThreadPoolExecutor.runWorker(ThreadPoolExecutor.java:1136)
 java.base@17.0.7/java.util.concurrent.ThreadPoolExecutor$Worker.run(ThreadPoolExecutor.java:635)
 java.base@17.0.7/java.lang.Thread.run(Thread.java:833)
15-Sep-2023 14:57:14.192 WARNING [main] org.apache.catalina.loader.WebappClassLoaderBase.clearReferencesThreads The web application [servlet_hw13] appears to have started a thread named [Hibernate Connection Pool Validation Thread] but has failed to stop it. This is very likely to create a memory leak. Stack trace of thread:
 java.base@17.0.7/jdk.internal.misc.Unsafe.park(Native Method)
 java.base@17.0.7/java.util.concurrent.locks.LockSupport.parkNanos(LockSupport.java:252)
 java.base@17.0.7/java.util.concurrent.locks.AbstractQueuedSynchronizer$ConditionObject.awaitNanos(AbstractQueuedSynchronizer.java:1672)
 java.base@17.0.7/java.util.concurrent.ScheduledThreadPoolExecutor$DelayedWorkQueue.take(ScheduledThreadPoolExecutor.java:1182)
 java.base@17.0.7/java.util.concurrent.ScheduledThreadPoolExecutor$DelayedWorkQueue.take(ScheduledThreadPoolExecutor.java:899)
 java.base@17.0.7/java.util.concurrent.ThreadPoolExecutor.getTask(ThreadPoolExecutor.java:1062)
 java.base@17.0.7/java.util.concurrent.ThreadPoolExecutor.runWorker(ThreadPoolExecutor.java:1122)
 java.base@17.0.7/java.util.concurrent.ThreadPoolExecutor$Worker.run(ThreadPoolExecutor.java:635)
 java.base@17.0.7/java.lang.Thread.run(Thread.java:833)
15-Sep-2023 14:57:14.196 INFO [main] org.apache.coyote.AbstractProtocol.stop Stopping ProtocolHandler ["http-nio-8080"]
15-Sep-2023 14:57:14.201 INFO [main] org.apache.coyote.AbstractProtocol.destroy Destroying ProtocolHandler ["http-nio-8080"]
